<?xml version="1.0" encoding="UTF-8"?>
<!-- Generated by org.testng.reporters.JUnitReportReporter -->
<testsuite hostname="DESKTOP-HMOLNHS" failures="0" tests="6" name="com.tutorialsninja.qa.testcases.Login_Test_Tutorialsninja_FirstAttempt" time="46.142" errors="0" timestamp="2023-05-02T17:56:49 EDT" skipped="0">
  <testcase classname="com.tutorialsninja.qa.testcases.Login_Test_Tutorialsninja_FirstAttempt" name="VerifyingLoginTestwithValidUserNameAndPassWord" time="8.211"/>
  <system-out/>
  <testcase classname="com.tutorialsninja.qa.testcases.Login_Test_Tutorialsninja_FirstAttempt" name="VerifyingLoginTestwithInValidUserNameAndInvalidPassWord" time="7.511"/>
  <system-out/>
  <testcase classname="com.tutorialsninja.qa.testcases.Login_Test_Tutorialsninja_FirstAttempt" name="VerifyingLoginTestwithValidUserNameAndInValidPassWord" time="7.494"/>
  <system-out/>
  <testcase classname="com.tutorialsninja.qa.testcases.Login_Test_Tutorialsninja_FirstAttempt" name="VerifyingLoginTestwithEmptyUserNameAndValidPassWord" time="6.985"/>
  <system-out/>
  <testcase classname="com.tutorialsninja.qa.testcases.Login_Test_Tutorialsninja_FirstAttempt" name="VerifyingLoginTestwithValidUserNameAndEmptyPassWord" time="8.787"/>
  <system-out/>
  <testcase classname="com.tutorialsninja.qa.testcases.Login_Test_Tutorialsninja_FirstAttempt" name="VerifyingLoginTestwithEmptyUserNameAndEmptyPassWord" time="7.154"/>
  <system-out/>
</testsuite> <!-- com.tutorialsninja.qa.testcases.Login_Test_Tutorialsninja_FirstAttempt -->
